[debug] [2023-05-30T15:17:52.682Z] ----------------------------------------------------------------------
[debug] [2023-05-30T15:17:52.685Z] Command:       C:\Program Files\nodejs\node.exe C:\Users\jigov\AppData\Roaming\npm\node_modules\firebase-tools\lib\bin\firebase.js init
[debug] [2023-05-30T15:17:52.686Z] CLI Version:   12.2.1
[debug] [2023-05-30T15:17:52.686Z] Platform:      win32
[debug] [2023-05-30T15:17:52.687Z] Node Version:  v18.14.0
[debug] [2023-05-30T15:17:52.688Z] Time:          Tue May 30 2023 20:47:52 GMT+0530 (India Standard Time)
[debug] [2023-05-30T15:17:52.688Z] ----------------------------------------------------------------------
[debug] 
[debug] [2023-05-30T15:17:52.700Z] > command requires scopes: ["email","openid","https://www.googleapis.com/auth/cloudplatformprojects.readonly","https://www.googleapis.com/auth/firebase","https://www.googleapis.com/auth/cloud-platform"]
[debug] [2023-05-30T15:17:52.700Z] > authorizing via signed-in user (12113078@nitkkr.ac.in)
[info] 
     ######## #### ########  ######## ########     ###     ######  ########
     ##        ##  ##     ## ##       ##     ##  ##   ##  ##       ##
     ######    ##  ########  ######   ########  #########  ######  ######
     ##        ##  ##    ##  ##       ##     ## ##     ##       ## ##
     ##       #### ##     ## ######## ########  ##     ##  ######  ########

You're about to initialize a Firebase project in this directory:

  D:\Govind Ji\project\automate_firebase

[info] 
=== Project Setup
[info] 
[info] First, let's associate this project directory with a Firebase project.
[info] You can create multiple project aliases by running firebase use --add, 
[info] but for now we'll just set up a default project.
[info] 
[debug] [2023-05-30T15:18:06.060Z] ----------------------------------------------------------------------
[debug] [2023-05-30T15:18:06.062Z] Command:       C:\Program Files\nodejs\node.exe C:\Users\jigov\AppData\Roaming\npm\node_modules\firebase-tools\lib\bin\firebase.js init
[debug] [2023-05-30T15:18:06.063Z] CLI Version:   12.2.1
[debug] [2023-05-30T15:18:06.064Z] Platform:      win32
[debug] [2023-05-30T15:18:06.064Z] Node Version:  v18.14.0
[debug] [2023-05-30T15:18:06.065Z] Time:          Tue May 30 2023 20:48:06 GMT+0530 (India Standard Time)
[debug] [2023-05-30T15:18:06.065Z] ----------------------------------------------------------------------
[debug] 
[debug] [2023-05-30T15:18:06.081Z] > command requires scopes: ["email","openid","https://www.googleapis.com/auth/cloudplatformprojects.readonly","https://www.googleapis.com/auth/firebase","https://www.googleapis.com/auth/cloud-platform"]
[debug] [2023-05-30T15:18:06.083Z] > authorizing via signed-in user (12113078@nitkkr.ac.in)
[info] 
     ######## #### ########  ######## ########     ###     ######  ########
     ##        ##  ##     ## ##       ##     ##  ##   ##  ##       ##
     ######    ##  ########  ######   ########  #########  ######  ######
     ##        ##  ##    ##  ##       ##     ## ##     ##       ## ##
     ##       #### ##     ## ######## ########  ##     ##  ######  ########

You're about to initialize a Firebase project in this directory:

  D:\Govind Ji\project\automate_firebase

[info] 
=== Project Setup
[info] 
[info] First, let's associate this project directory with a Firebase project.
[info] You can create multiple project aliases by running firebase use --add, 
[info] but for now we'll just set up a default project.
[info] 
[debug] [2023-05-30T15:18:15.732Z] >>> [apiv2][query] GET https://firebase.googleapis.com/v1beta1/projects pageSize=100
[debug] [2023-05-30T15:18:16.677Z] <<< [apiv2][status] GET https://firebase.googleapis.com/v1beta1/projects 200
[debug] [2023-05-30T15:18:16.678Z] <<< [apiv2][body] GET https://firebase.googleapis.com/v1beta1/projects [omitted]
[info] i  Using project auto-mate-695be (Auto-Mate) 
[info] 
=== Database Setup
[info] i  database: ensuring required API firebasedatabase.googleapis.com is enabled... 
[debug] [2023-05-30T15:18:18.110Z] >>> [apiv2][query] GET https://serviceusage.googleapis.com/v1/projects/auto-mate-695be/services/firebasedatabase.googleapis.com [none]
[debug] [2023-05-30T15:18:18.111Z] >>> [apiv2][(partial)header] GET https://serviceusage.googleapis.com/v1/projects/auto-mate-695be/services/firebasedatabase.googleapis.com x-goog-quota-user=projects/auto-mate-695be
[debug] [2023-05-30T15:18:18.649Z] <<< [apiv2][status] GET https://serviceusage.googleapis.com/v1/projects/auto-mate-695be/services/firebasedatabase.googleapis.com 200
[debug] [2023-05-30T15:18:18.650Z] <<< [apiv2][body] GET https://serviceusage.googleapis.com/v1/projects/auto-mate-695be/services/firebasedatabase.googleapis.com [omitted]
[info] +  database: required API firebasedatabase.googleapis.com is enabled 
[info] 
[debug] [2023-05-30T15:18:18.655Z] >>> [apiv2][query] GET https://firebasedatabase.googleapis.com/v1beta/projects/auto-mate-695be/locations/-/instances/auto-mate-695be-default-rtdb [none]
[debug] [2023-05-30T15:18:19.440Z] <<< [apiv2][status] GET https://firebasedatabase.googleapis.com/v1beta/projects/auto-mate-695be/locations/-/instances/auto-mate-695be-default-rtdb 200
[debug] [2023-05-30T15:18:19.441Z] <<< [apiv2][body] GET https://firebasedatabase.googleapis.com/v1beta/projects/auto-mate-695be/locations/-/instances/auto-mate-695be-default-rtdb {"name":"projects/1035165250891/locations/us-central1/instances/auto-mate-695be-default-rtdb","project":"projects/1035165250891","databaseUrl":"https://auto-mate-695be-default-rtdb.firebaseio.com","type":"DEFAULT_DATABASE","state":"ACTIVE"}
[info] 
[info] Firebase Realtime Database Security Rules allow you to define how your data should be
[info] structured and when your data can be read from and written to.
[info] 
[debug] [2023-05-30T15:18:31.556Z] >>> [apiv2][query] GET https://auto-mate-695be-default-rtdb.firebaseio.com/.settings/rules.json [none]
[debug] [2023-05-30T15:18:32.255Z] <<< [apiv2][status] GET https://auto-mate-695be-default-rtdb.firebaseio.com/.settings/rules.json 200
[debug] [2023-05-30T15:18:32.255Z] <<< [apiv2][body] GET https://auto-mate-695be-default-rtdb.firebaseio.com/.settings/rules.json [stream]
[info] +  Database Rules for auto-mate-695be-default-rtdb have been written to database.rules.json. 
[info] Future modifications to database.rules.json will update Realtime Database Security Rules when you run
[info] firebase deploy.
[info] 
=== Firestore Setup
[debug] [2023-05-30T15:18:32.273Z] >>> [apiv2][query] GET https://serviceusage.googleapis.com/v1/projects/auto-mate-695be/services/firestore.googleapis.com [none]
[debug] [2023-05-30T15:18:32.273Z] >>> [apiv2][(partial)header] GET https://serviceusage.googleapis.com/v1/projects/auto-mate-695be/services/firestore.googleapis.com x-goog-quota-user=projects/auto-mate-695be
[debug] [2023-05-30T15:18:34.152Z] <<< [apiv2][status] GET https://serviceusage.googleapis.com/v1/projects/auto-mate-695be/services/firestore.googleapis.com 200
[debug] [2023-05-30T15:18:34.153Z] <<< [apiv2][body] GET https://serviceusage.googleapis.com/v1/projects/auto-mate-695be/services/firestore.googleapis.com [omitted]
[debug] [2023-05-30T15:18:34.154Z] >>> [apiv2][query] GET https://firestore.googleapis.com/v1/projects/auto-mate-695be/databases/(default) [none]
[debug] [2023-05-30T15:18:36.032Z] <<< [apiv2][status] GET https://firestore.googleapis.com/v1/projects/auto-mate-695be/databases/(default) 200
[debug] [2023-05-30T15:18:36.032Z] <<< [apiv2][body] GET https://firestore.googleapis.com/v1/projects/auto-mate-695be/databases/(default) {"name":"projects/auto-mate-695be/databases/(default)","uid":"258ffbf0-dd91-4087-836d-4723989826b3","createTime":"2023-05-30T15:17:20.159568Z","updateTime":"2023-05-30T15:17:20.159568Z","locationId":"nam5","type":"FIRESTORE_NATIVE","concurrencyMode":"PESSIMISTIC","appEngineIntegrationMode":"DISABLED","keyPrefix":"s","deleteProtectionState":"DELETE_PROTECTION_DISABLED","etag":"INbBhb2rnf8CMNCeuZirnf8C"}
[debug] [2023-05-30T15:18:36.033Z] database_type: FIRESTORE_NATIVE
[debug] [2023-05-30T15:18:36.034Z] > command requires scopes: ["email","openid","https://www.googleapis.com/auth/cloudplatformprojects.readonly","https://www.googleapis.com/auth/firebase","https://www.googleapis.com/auth/cloud-platform"]
[debug] [2023-05-30T15:18:36.035Z] > authorizing via signed-in user (12113078@nitkkr.ac.in)
[debug] [2023-05-30T15:18:36.036Z] [iam] checking project auto-mate-695be for permissions ["firebase.projects.get"]
[debug] [2023-05-30T15:18:36.039Z] >>> [apiv2][query] POST https://cloudresourcemanager.googleapis.com/v1/projects/auto-mate-695be:testIamPermissions [none]
[debug] [2023-05-30T15:18:36.039Z] >>> [apiv2][(partial)header] POST https://cloudresourcemanager.googleapis.com/v1/projects/auto-mate-695be:testIamPermissions x-goog-quota-user=projects/auto-mate-695be
[debug] [2023-05-30T15:18:36.040Z] >>> [apiv2][body] POST https://cloudresourcemanager.googleapis.com/v1/projects/auto-mate-695be:testIamPermissions {"permissions":["firebase.projects.get"]}
[debug] [2023-05-30T15:18:37.911Z] <<< [apiv2][status] POST https://cloudresourcemanager.googleapis.com/v1/projects/auto-mate-695be:testIamPermissions 200
[debug] [2023-05-30T15:18:37.912Z] <<< [apiv2][body] POST https://cloudresourcemanager.googleapis.com/v1/projects/auto-mate-695be:testIamPermissions {"permissions":["firebase.projects.get"]}
[info] 
[info] Firestore Security Rules allow you to define how and when to allow
[info] requests. You can keep these rules in your project directory
[info] and publish them with firebase deploy.
[info] 
[debug] [2023-05-30T15:18:42.975Z] >>> [apiv2][query] GET https://firebaserules.googleapis.com/v1/projects/auto-mate-695be/releases pageSize=10&pageToken=
[debug] [2023-05-30T15:18:43.829Z] <<< [apiv2][status] GET https://firebaserules.googleapis.com/v1/projects/auto-mate-695be/releases 200
[debug] [2023-05-30T15:18:43.830Z] <<< [apiv2][body] GET https://firebaserules.googleapis.com/v1/projects/auto-mate-695be/releases {"releases":[{"name":"projects/auto-mate-695be/releases/cloud.firestore","rulesetName":"projects/auto-mate-695be/rulesets/504095b2-c223-4bd0-b6bb-7ee5a2366e4f","createTime":"2023-05-30T15:17:27.538337Z","updateTime":"2023-05-30T15:17:27.538337Z"}]}
[debug] [2023-05-30T15:18:43.830Z] Found ruleset: projects/auto-mate-695be/rulesets/504095b2-c223-4bd0-b6bb-7ee5a2366e4f
[debug] [2023-05-30T15:18:43.831Z] >>> [apiv2][query] GET https://firebaserules.googleapis.com/v1/projects/auto-mate-695be/rulesets/504095b2-c223-4bd0-b6bb-7ee5a2366e4f [none]
[debug] [2023-05-30T15:18:45.401Z] <<< [apiv2][status] GET https://firebaserules.googleapis.com/v1/projects/auto-mate-695be/rulesets/504095b2-c223-4bd0-b6bb-7ee5a2366e4f 200
[debug] [2023-05-30T15:18:45.401Z] <<< [apiv2][body] GET https://firebaserules.googleapis.com/v1/projects/auto-mate-695be/rulesets/504095b2-c223-4bd0-b6bb-7ee5a2366e4f [omitted]
[info] 
[info] Firestore indexes allow you to perform complex queries while
[info] maintaining performance that scales with the size of the result
[info] set. You can keep index definitions in your project directory
[info] and publish them with firebase deploy.
[info] 
[debug] [2023-05-30T15:18:50.830Z] >>> [apiv2][query] GET https://firestore.googleapis.com/v1/projects/auto-mate-695be/databases/(default)/collectionGroups/-/indexes [none]
[debug] [2023-05-30T15:18:50.833Z] >>> [apiv2][query] GET https://firestore.googleapis.com/v1/projects/auto-mate-695be/databases/(default)/collectionGroups/-/fields?filter=indexConfig.usesAncestorConfig=false OR ttlConfig:* [none]
[debug] [2023-05-30T15:18:52.716Z] <<< [apiv2][status] GET https://firestore.googleapis.com/v1/projects/auto-mate-695be/databases/(default)/collectionGroups/-/indexes 200
[debug] [2023-05-30T15:18:52.716Z] <<< [apiv2][body] GET https://firestore.googleapis.com/v1/projects/auto-mate-695be/databases/(default)/collectionGroups/-/indexes {}
[debug] [2023-05-30T15:18:52.931Z] <<< [apiv2][status] GET https://firestore.googleapis.com/v1/projects/auto-mate-695be/databases/(default)/collectionGroups/-/fields?filter=indexConfig.usesAncestorConfig=false OR ttlConfig:* 200
[debug] [2023-05-30T15:18:52.931Z] <<< [apiv2][body] GET https://firestore.googleapis.com/v1/projects/auto-mate-695be/databases/(default)/collectionGroups/-/fields?filter=indexConfig.usesAncestorConfig=false OR ttlConfig:* {"fields":[{"name":"projects/auto-mate-695be/databases/(default)/collectionGroups/__default__/fields/*","indexConfig":{"indexes":[{"queryScope":"COLLECTION","fields":[{"fieldPath":"*","order":"ASCENDING"}],"state":"READY"},{"queryScope":"COLLECTION","fields":[{"fieldPath":"*","order":"DESCENDING"}],"state":"READY"},{"queryScope":"COLLECTION","fields":[{"fieldPath":"*","arrayConfig":"CONTAINS"}],"state":"READY"}]}}]}
[info] 
=== Functions Setup
[debug] [2023-05-30T15:18:52.937Z] > command requires scopes: ["email","openid","https://www.googleapis.com/auth/cloudplatformprojects.readonly","https://www.googleapis.com/auth/firebase","https://www.googleapis.com/auth/cloud-platform"]
[debug] [2023-05-30T15:18:52.938Z] > authorizing via signed-in user (12113078@nitkkr.ac.in)
[debug] [2023-05-30T15:18:52.938Z] [iam] checking project auto-mate-695be for permissions ["firebase.projects.get"]
[debug] [2023-05-30T15:18:52.939Z] >>> [apiv2][query] POST https://cloudresourcemanager.googleapis.com/v1/projects/auto-mate-695be:testIamPermissions [none]
[debug] [2023-05-30T15:18:52.939Z] >>> [apiv2][(partial)header] POST https://cloudresourcemanager.googleapis.com/v1/projects/auto-mate-695be:testIamPermissions x-goog-quota-user=projects/auto-mate-695be
[debug] [2023-05-30T15:18:52.940Z] >>> [apiv2][body] POST https://cloudresourcemanager.googleapis.com/v1/projects/auto-mate-695be:testIamPermissions {"permissions":["firebase.projects.get"]}
[debug] [2023-05-30T15:18:54.478Z] <<< [apiv2][status] POST https://cloudresourcemanager.googleapis.com/v1/projects/auto-mate-695be:testIamPermissions 200
[debug] [2023-05-30T15:18:54.478Z] <<< [apiv2][body] POST https://cloudresourcemanager.googleapis.com/v1/projects/auto-mate-695be:testIamPermissions {"permissions":["firebase.projects.get"]}
[debug] [2023-05-30T15:18:54.480Z] >>> [apiv2][query] GET https://serviceusage.googleapis.com/v1/projects/auto-mate-695be/services/cloudfunctions.googleapis.com [none]
[debug] [2023-05-30T15:18:54.480Z] >>> [apiv2][(partial)header] GET https://serviceusage.googleapis.com/v1/projects/auto-mate-695be/services/cloudfunctions.googleapis.com x-goog-quota-user=projects/auto-mate-695be
[debug] [2023-05-30T15:18:54.490Z] >>> [apiv2][query] GET https://serviceusage.googleapis.com/v1/projects/auto-mate-695be/services/runtimeconfig.googleapis.com [none]
[debug] [2023-05-30T15:18:54.490Z] >>> [apiv2][(partial)header] GET https://serviceusage.googleapis.com/v1/projects/auto-mate-695be/services/runtimeconfig.googleapis.com x-goog-quota-user=projects/auto-mate-695be
[debug] [2023-05-30T15:18:56.364Z] <<< [apiv2][status] GET https://serviceusage.googleapis.com/v1/projects/auto-mate-695be/services/runtimeconfig.googleapis.com 200
[debug] [2023-05-30T15:18:56.364Z] <<< [apiv2][body] GET https://serviceusage.googleapis.com/v1/projects/auto-mate-695be/services/runtimeconfig.googleapis.com [omitted]
[debug] [2023-05-30T15:18:56.429Z] <<< [apiv2][status] GET https://serviceusage.googleapis.com/v1/projects/auto-mate-695be/services/cloudfunctions.googleapis.com 200
[debug] [2023-05-30T15:18:56.430Z] <<< [apiv2][body] GET https://serviceusage.googleapis.com/v1/projects/auto-mate-695be/services/cloudfunctions.googleapis.com [omitted]
[debug] [2023-05-30T15:18:56.432Z] >>> [apiv2][query] POST https://serviceusage.googleapis.com/v1/projects/auto-mate-695be/services/cloudfunctions.googleapis.com:enable [none]
[debug] [2023-05-30T15:18:56.433Z] >>> [apiv2][(partial)header] POST https://serviceusage.googleapis.com/v1/projects/auto-mate-695be/services/cloudfunctions.googleapis.com:enable x-goog-quota-user=projects/auto-mate-695be
[debug] [2023-05-30T15:18:58.656Z] <<< [apiv2][status] POST https://serviceusage.googleapis.com/v1/projects/auto-mate-695be/services/cloudfunctions.googleapis.com:enable 200
[debug] [2023-05-30T15:18:58.657Z] <<< [apiv2][body] POST https://serviceusage.googleapis.com/v1/projects/auto-mate-695be/services/cloudfunctions.googleapis.com:enable [omitted]
[debug] [2023-05-30T15:19:08.668Z] >>> [apiv2][query] GET https://serviceusage.googleapis.com/v1/projects/auto-mate-695be/services/cloudfunctions.googleapis.com [none]
[debug] [2023-05-30T15:19:08.669Z] >>> [apiv2][(partial)header] GET https://serviceusage.googleapis.com/v1/projects/auto-mate-695be/services/cloudfunctions.googleapis.com x-goog-quota-user=projects/auto-mate-695be
[debug] [2023-05-30T15:19:10.576Z] <<< [apiv2][status] GET https://serviceusage.googleapis.com/v1/projects/auto-mate-695be/services/cloudfunctions.googleapis.com 200
[debug] [2023-05-30T15:19:10.576Z] <<< [apiv2][body] GET https://serviceusage.googleapis.com/v1/projects/auto-mate-695be/services/cloudfunctions.googleapis.com [omitted]
[info] Let's create a new codebase for your functions.
[info] A directory corresponding to the codebase will be created in your project
[info] with sample code pre-configured.

[info] See https://firebase.google.com/docs/functions/organize-functions for
[info] more information on organizing your functions using codebases.

[info] Functions can be deployed with firebase deploy.

[info] +  Wrote functions/package.json 
[info] +  Wrote functions/index.js 
[info] +  Wrote functions/.gitignore 
[info] 
=== Hosting Setup
[info] 
[info] Your public directory is the folder (relative to your project directory) that
[info] will contain Hosting assets to be uploaded with firebase deploy. If you
[info] have a build process for your assets, use your build's output directory.
[info] 
[info] +  Wrote public/404.html 
[debug] [2023-05-30T15:22:01.231Z] >>> [apiv2][query] GET https://www.gstatic.com/firebasejs/releases.json [none]
[debug] [2023-05-30T15:22:01.400Z] <<< [apiv2][status] GET https://www.gstatic.com/firebasejs/releases.json 200
[debug] [2023-05-30T15:22:01.401Z] <<< [apiv2][body] GET https://www.gstatic.com/firebasejs/releases.json {"current":{"version":"9.22.1","browserURL":"https://www.gstatic.com/firebasejs/9.22.1/firebase.js","packageURL":"https://www.gstatic.com/firebasejs/9.22.1/firebase.tgz"},"live":{"version":"9.22","browserURL":"https://www.gstatic.com/firebasejs/live/9.22/firebase.js","packageURL":"https://www.gstatic.com/firebasejs/live/9.22/firebase.tgz"},"components":{"analytics":"https://www.gstatic.com/firebasejs/9.22.1/firebase-analytics.js","app":"https://www.gstatic.com/firebasejs/9.22.1/firebase-app.js","app-check":"https://www.gstatic.com/firebasejs/9.22.1/firebase-app-check.js","auth":"https://www.gstatic.com/firebasejs/9.22.1/firebase-auth.js","auth/cordova":"https://www.gstatic.com/firebasejs/9.22.1/firebase-auth/cordova.js","auth/react-native":"https://www.gstatic.com/firebasejs/9.22.1/firebase-auth/react-native.js","functions":"https://www.gstatic.com/firebasejs/9.22.1/firebase-functions.js","firestore":"https://www.gstatic.com/firebasejs/9.22.1/firebase-firestore.js","firestore/lite":"https://www.gstatic.com/firebasejs/9.22.1/firebase-firestore/lite.js","installations":"https://www.gstatic.com/firebasejs/9.22.1/firebase-installations.js","storage":"https://www.gstatic.com/firebasejs/9.22.1/firebase-storage.js","performance":"https://www.gstatic.com/firebasejs/9.22.1/firebase-performance.js","remote-config":"https://www.gstatic.com/firebasejs/9.22.1/firebase-remote-config.js","messaging":"https://www.gstatic.com/firebasejs/9.22.1/firebase-messaging.js","messaging/sw":"https://www.gstatic.com/firebasejs/9.22.1/firebase-messaging/sw.js","database":"https://www.gstatic.com/firebasejs/9.22.1/firebase-database.js","firestore.memory":"https://www.gstatic.com/firebasejs/9.22.1/firebase-firestore.memory.js"}}
[info] +  Wrote public/index.html 
[info] 
[info] i  Didn't detect a .git folder. Assuming D:\Govind Ji\project\automate_firebase is the project root. 
[info] i  Authorizing with GitHub to upload your service account to a GitHub repository's secrets store. 
[info] 
[info] Visit this URL on this device to log in:
[info] https://github.com/login/oauth/authorize?client_id=89cf50f02ac6aaed3484&state=858931872&redirect_uri=http%3A%2F%2Flocalhost%3A9005&scope=read%3Auser%20repo%20public_repo
[info] 
[info] Waiting for authentication...
[debug] [2023-05-30T15:22:12.849Z] >>> [apiv2][query] POST https://github.com/login/oauth/access_token [none]
[debug] [2023-05-30T15:22:12.849Z] >>> [apiv2][body] POST https://github.com/login/oauth/access_token [stream]
[debug] [2023-05-30T15:22:13.322Z] <<< [apiv2][status] POST https://github.com/login/oauth/access_token 200
[debug] [2023-05-30T15:22:13.323Z] <<< [apiv2][body] POST https://github.com/login/oauth/access_token {"access_token":"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","token_type":"bearer","scope":"read:user,repo"}
[debug] [2023-05-30T15:22:13.344Z] >>> [apiv2][query] GET https://api.github.com/user [none]
[debug] [2023-05-30T15:22:13.767Z] <<< [apiv2][status] GET https://api.github.com/user 200
[debug] [2023-05-30T15:22:13.768Z] <<< [apiv2][body] GET https://api.github.com/user {"login":"jigovind556","id":112634499,"node_id":"U_kgDOBraqgw","avatar_url":"https://avatars.githubusercontent.com/u/112634499?v=4","gravatar_id":"","url":"https://api.github.com/users/jigovind556","html_url":"https://github.com/jigovind556","followers_url":"https://api.github.com/users/jigovind556/followers","following_url":"https://api.github.com/users/jigovind556/following{/other_user}","gists_url":"https://api.github.com/users/jigovind556/gists{/gist_id}","starred_url":"https://api.github.com/users/jigovind556/starred{/owner}{/repo}","subscriptions_url":"https://api.github.com/users/jigovind556/subscriptions","organizations_url":"https://api.github.com/users/jigovind556/orgs","repos_url":"https://api.github.com/users/jigovind556/repos","events_url":"https://api.github.com/users/jigovind556/events{/privacy}","received_events_url":"https://api.github.com/users/jigovind556/received_events","type":"User","site_admin":false,"name":"Govind Ji","company":null,"blog":"","location":null,"email":null,"hireable":null,"bio":"Student at NIT Kurukshetra","twitter_username":null,"public_repos":7,"public_gists":0,"followers":0,"following":0,"created_at":"2022-09-01T13:12:37Z","updated_at":"2023-05-15T03:46:50Z","private_gists":0,"total_private_repos":1,"owned_private_repos":1,"disk_usage":71581,"collaborators":0,"two_factor_authentication":false,"plan":{"name":"pro","space":976562499,"collaborators":0,"private_repos":9999}}
[info] 
[info] +  Success! Logged into GitHub as jigovind556 
[info] 
[debug] [2023-05-30T15:23:50.069Z] >>> [apiv2][query] GET https://api.github.com/repos/jigovind556/actions/secrets/public-key type=owner
[debug] [2023-05-30T15:23:50.071Z] >>> [apiv2][query] GET https://api.github.com/repos///actions/secrets/public-key type=owner
[debug] [2023-05-30T15:23:50.676Z] <<< [apiv2][status] GET https://api.github.com/repos///actions/secrets/public-key 404
[debug] [2023-05-30T15:23:50.676Z] <<< [apiv2][body] GET https://api.github.com/repos///actions/secrets/public-key {"message":"Not Found","documentation_url":"https://docs.github.com/rest"}
[info] 
[info] 
[error] !  The provided authorization cannot be used with this repository. If this repository is in an organization, did you remember to grant access? 
[info] 
[info] i  Action required: Visit this URL to ensure access has been granted to the appropriate organization(s) for the Firebase CLI GitHub OAuth App: 
[info] https://github.com/settings/connections/applications/89cf50f02ac6aaed3484
[info] 
[debug] [2023-05-30T15:23:50.753Z] <<< [apiv2][status] GET https://api.github.com/repos/jigovind556/actions/secrets/public-key 404
[debug] [2023-05-30T15:23:50.753Z] <<< [apiv2][body] GET https://api.github.com/repos/jigovind556/actions/secrets/public-key {"message":"Not Found","documentation_url":"https://docs.github.com/rest"}
[info] 
[info] 
[error] !  The provided authorization cannot be used with this repository. If this repository is in an organization, did you remember to grant access? 
[info] 
[info] i  Action required: Visit this URL to ensure access has been granted to the appropriate organization(s) for the Firebase CLI GitHub OAuth App: 
[info] https://github.com/settings/connections/applications/89cf50f02ac6aaed3484
[info] 
[debug] [2023-05-30T15:24:29.036Z] >>> [apiv2][query] GET https://api.github.com/repos/automate_firebase/jigovind556/actions/secrets/public-key type=owner
[debug] [2023-05-30T15:24:29.585Z] <<< [apiv2][status] GET https://api.github.com/repos/automate_firebase/jigovind556/actions/secrets/public-key 401
[debug] [2023-05-30T15:24:29.585Z] <<< [apiv2][body] GET https://api.github.com/repos/automate_firebase/jigovind556/actions/secrets/public-key {"message":"Bad credentials","documentation_url":"https://docs.github.com/rest"}
[debug] [2023-05-30T15:24:54.164Z] >>> [apiv2][query] GET https://api.github.com/repos/jigovind556/actions/secrets/public-key type=owner
[debug] [2023-05-30T15:24:54.167Z] >>> [apiv2][query] GET https://api.github.com/repos///actions/secrets/public-key type=owner
[debug] [2023-05-30T15:24:54.762Z] <<< [apiv2][status] GET https://api.github.com/repos/jigovind556/actions/secrets/public-key 401
[debug] [2023-05-30T15:24:54.762Z] <<< [apiv2][body] GET https://api.github.com/repos/jigovind556/actions/secrets/public-key {"message":"Bad credentials","documentation_url":"https://docs.github.com/rest"}
[debug] [2023-05-30T15:24:54.781Z] <<< [apiv2][status] GET https://api.github.com/repos///actions/secrets/public-key 401
[debug] [2023-05-30T15:24:54.781Z] <<< [apiv2][body] GET https://api.github.com/repos///actions/secrets/public-key {"message":"Bad credentials","documentation_url":"https://docs.github.com/rest"}
[debug] [2023-05-30T15:25:21.807Z] >>> [apiv2][query] GET https://api.github.com/repos/jigovind556/automate_firebase/actions/secrets/public-key type=owner
[debug] [2023-05-30T15:25:22.339Z] <<< [apiv2][status] GET https://api.github.com/repos/jigovind556/automate_firebase/actions/secrets/public-key 401
[debug] [2023-05-30T15:25:22.339Z] <<< [apiv2][body] GET https://api.github.com/repos/jigovind556/automate_firebase/actions/secrets/public-key {"message":"Bad credentials","documentation_url":"https://docs.github.com/rest"}
[debug] [2023-05-30T15:25:28.320Z] >>> [apiv2][query] GET https://api.github.com/repos/jigovind556/automate_firebase/actions/secrets/public-key type=owner
[debug] [2023-05-30T15:25:28.855Z] <<< [apiv2][status] GET https://api.github.com/repos/jigovind556/automate_firebase/actions/secrets/public-key 401
[debug] [2023-05-30T15:25:28.855Z] <<< [apiv2][body] GET https://api.github.com/repos/jigovind556/automate_firebase/actions/secrets/public-key {"message":"Bad credentials","documentation_url":"https://docs.github.com/rest"}
[debug] [2023-05-30T15:25:29.643Z] >>> [apiv2][query] GET https://api.github.com/repos/jigovind556/automate_firebase/actions/secrets/public-key type=owner
[debug] [2023-05-30T15:25:30.193Z] <<< [apiv2][status] GET https://api.github.com/repos/jigovind556/automate_firebase/actions/secrets/public-key 401
[debug] [2023-05-30T15:25:30.193Z] <<< [apiv2][body] GET https://api.github.com/repos/jigovind556/automate_firebase/actions/secrets/public-key {"message":"Bad credentials","documentation_url":"https://docs.github.com/rest"}
[debug] [2023-05-30T15:25:30.704Z] >>> [apiv2][query] GET https://api.github.com/repos/jigovind556/automate_firebase/actions/secrets/public-key type=owner
[debug] [2023-05-30T15:25:31.244Z] <<< [apiv2][status] GET https://api.github.com/repos/jigovind556/automate_firebase/actions/secrets/public-key 401
[debug] [2023-05-30T15:25:31.245Z] <<< [apiv2][body] GET https://api.github.com/repos/jigovind556/automate_firebase/actions/secrets/public-key {"message":"Bad credentials","documentation_url":"https://docs.github.com/rest"}
[debug] [2023-05-30T15:25:31.321Z] >>> [apiv2][query] GET https://api.github.com/repos/jigovind556/automate_firebase/actions/secrets/public-key type=owner
[debug] [2023-05-30T15:25:31.536Z] >>> [apiv2][query] GET https://api.github.com/repos//actions/secrets/public-key type=owner
[debug] [2023-05-30T15:25:31.851Z] <<< [apiv2][status] GET https://api.github.com/repos/jigovind556/automate_firebase/actions/secrets/public-key 401
[debug] [2023-05-30T15:25:31.852Z] <<< [apiv2][body] GET https://api.github.com/repos/jigovind556/automate_firebase/actions/secrets/public-key {"message":"Bad credentials","documentation_url":"https://docs.github.com/rest"}
[debug] [2023-05-30T15:25:32.059Z] <<< [apiv2][status] GET https://api.github.com/repos//actions/secrets/public-key 401
[debug] [2023-05-30T15:25:32.060Z] <<< [apiv2][body] GET https://api.github.com/repos//actions/secrets/public-key {"message":"Bad credentials","documentation_url":"https://docs.github.com/rest"}
[debug] [2023-05-30T15:25:32.835Z] >>> [apiv2][query] GET https://api.github.com/repos/jigovind556/automate_firebase/actions/secrets/public-key type=owner
[debug] [2023-05-30T15:25:33.390Z] <<< [apiv2][status] GET https://api.github.com/repos/jigovind556/automate_firebase/actions/secrets/public-key 401
[debug] [2023-05-30T15:25:33.391Z] <<< [apiv2][body] GET https://api.github.com/repos/jigovind556/automate_firebase/actions/secrets/public-key {"message":"Bad credentials","documentation_url":"https://docs.github.com/rest"}
